Build started 2/4/2015 11:20:08 PM.
     1>Project "C:\Users\Andre\Documents\School\CSCI\Second Program\Second Program\Second Program\Second Program.vcxproj" on node 2 (build target(s)).
     1>InitializeBuildStatus:
         Creating "Debug\Second Program.unsuccessfulbuild" because "AlwaysCreate" was specified.
       ClCompile:
         All outputs are up-to-date.
         C:\Program Files (x86)\Microsoft Visual Studio 10.0\VC\bin\CL.exe /c /ZI /nologo /W3 /WX- /Od /Oy- /D _MBCS /Gm /EHsc /RTC1 /MTd /GS /fp:precise /Zc:wchar_t /Zc:forScope /Fo"Debug\\" /Fd"Debug\vc100.pdb" /Gd /TP /analyze- /errorReport:prompt main2.cpp
         main2.cpp
       Link:
         C:\Program Files (x86)\Microsoft Visual Studio 10.0\VC\bin\link.exe /ERRORREPORT:PROMPT /OUT:"C:\Users\Andre\Documents\School\CSCI\Second Program\Second Program\Debug\Second Program.exe" /NOLOGO kernel32.lib user32.lib gdi32.lib winspool.lib comdlg32.lib advapi32.lib shell32.lib ole32.lib oleaut32.lib uuid.lib odbc32.lib odbccp32.lib /MANIFEST /ManifestFile:"Debug\Second Program.exe.intermediate.manifest" /MANIFESTUAC:"level='asInvoker' uiAccess='false'" /DEBUG /PDB:"C:\Users\Andre\Documents\School\CSCI\Second Program\Second Program\Debug\Second Program.pdb" /TLBID:1 /DYNAMICBASE /NXCOMPAT /IMPLIB:"C:\Users\Andre\Documents\School\CSCI\Second Program\Second Program\Debug\Second Program.lib" /MACHINE:X86 Debug\main2.obj
         LINK : C:\Users\Andre\Documents\School\CSCI\Second Program\Second Program\Debug\Second Program.exe not found or not built by the last incremental link; performing full link
         Second Program.vcxproj -> C:\Users\Andre\Documents\School\CSCI\Second Program\Second Program\Debug\Second Program.exe
       Manifest:
         C:\Program Files (x86)\Microsoft SDKs\Windows\v7.0A\bin\mt.exe /nologo /verbose /outputresource:"C:\Users\Andre\Documents\School\CSCI\Second Program\Second Program\Debug\Second Program.exe;#1" /manifest "Debug\Second Program.exe.intermediate.manifest"
       FinalizeBuildStatus:
         Deleting file "Debug\Second Program.unsuccessfulbuild".
         Touching "Debug\Second Program.lastbuildstate".
     1>Done Building Project "C:\Users\Andre\Documents\School\CSCI\Second Program\Second Program\Second Program\Second Program.vcxproj" (build target(s)).

Build succeeded.

Time Elapsed 00:00:00.92
