Build started 7/13/2015 9:28:04 PM.
     1>Project "C:\Users\Andre\Documents\School\CSCI\Tortoise and Hare\Tortoise and Hare\Tortoise and Hare.vcxproj" on node 2 (build target(s)).
     1>InitializeBuildStatus:
         Creating "Debug\Tortoise and Hare.unsuccessfulbuild" because "AlwaysCreate" was specified.
       ClCompile:
         c:\Program Files (x86)\Microsoft Visual Studio 10.0\VC\bin\CL.exe /c /ZI /nologo /W3 /WX- /Od /Oy- /D _MBCS /Gm /EHsc /RTC1 /MDd /GS /fp:precise /Zc:wchar_t /Zc:forScope /Fo"Debug\\" /Fd"Debug\vc100.pdb" /Gd /TP /analyze- /errorReport:prompt "Tortoise vs Hare.cpp"
         Tortoise vs Hare.cpp
     1>c:\users\andre\documents\school\csci\tortoise and hare\tortoise and hare\tortoise vs hare.cpp(24): warning C4244: 'argument' : conversion from 'time_t' to 'unsigned int', possible loss of data
       Link:
         c:\Program Files (x86)\Microsoft Visual Studio 10.0\VC\bin\link.exe /ERRORREPORT:PROMPT /OUT:"C:\Users\Andre\Documents\School\CSCI\Tortoise and Hare\Debug\Tortoise and Hare.exe" /NOLOGO kernel32.lib user32.lib gdi32.lib winspool.lib comdlg32.lib advapi32.lib shell32.lib ole32.lib oleaut32.lib uuid.lib odbc32.lib odbccp32.lib /MANIFEST /ManifestFile:"Debug\Tortoise and Hare.exe.intermediate.manifest" /MANIFESTUAC:"level='asInvoker' uiAccess='false'" /DEBUG /PDB:"C:\Users\Andre\Documents\School\CSCI\Tortoise and Hare\Debug\Tortoise and Hare.pdb" /TLBID:1 /DYNAMICBASE /NXCOMPAT /IMPLIB:"C:\Users\Andre\Documents\School\CSCI\Tortoise and Hare\Debug\Tortoise and Hare.lib" /MACHINE:X86 "Debug\Tortoise vs Hare.obj"
         LINK : C:\Users\Andre\Documents\School\CSCI\Tortoise and Hare\Debug\Tortoise and Hare.exe not found or not built by the last incremental link; performing full link
         Tortoise and Hare.vcxproj -> C:\Users\Andre\Documents\School\CSCI\Tortoise and Hare\Debug\Tortoise and Hare.exe
       Manifest:
         C:\Program Files (x86)\Microsoft SDKs\Windows\v7.0A\bin\mt.exe /nologo /verbose /outputresource:"C:\Users\Andre\Documents\School\CSCI\Tortoise and Hare\Debug\Tortoise and Hare.exe;#1" /manifest "Debug\Tortoise and Hare.exe.intermediate.manifest"
       FinalizeBuildStatus:
         Deleting file "Debug\Tortoise and Hare.unsuccessfulbuild".
         Touching "Debug\Tortoise and Hare.lastbuildstate".
     1>Done Building Project "C:\Users\Andre\Documents\School\CSCI\Tortoise and Hare\Tortoise and Hare\Tortoise and Hare.vcxproj" (build target(s)).

Build succeeded.

Time Elapsed 00:00:00.60
