Build started 9/3/2015 9:21:09 PM.
     1>Project "C:\Users\Andre\Documents\School\CSCI\OLD\Employee\Employee\Employee.vcxproj" on node 2 (build target(s)).
     1>InitializeBuildStatus:
         Creating "Debug\Employee.unsuccessfulbuild" because "AlwaysCreate" was specified.
       ClCompile:
         c:\Program Files (x86)\Microsoft Visual Studio 10.0\VC\bin\CL.exe /c /ZI /nologo /W3 /WX- /Od /Oy- /D _MBCS /Gm /EHsc /RTC1 /MDd /GS /fp:precise /Zc:wchar_t /Zc:forScope /Fo"Debug\\" /Fd"Debug\vc100.pdb" /Gd /TP /analyze- /errorReport:prompt Employee.cpp xEmployee.cpp
         xEmployee.cpp
         Employee.cpp
         Generating Code...
       Link:
         c:\Program Files (x86)\Microsoft Visual Studio 10.0\VC\bin\link.exe /ERRORREPORT:PROMPT /OUT:"C:\Users\Andre\Documents\School\CSCI\OLD\Employee\Debug\Employee.exe" /NOLOGO kernel32.lib user32.lib gdi32.lib winspool.lib comdlg32.lib advapi32.lib shell32.lib ole32.lib oleaut32.lib uuid.lib odbc32.lib odbccp32.lib /MANIFEST /ManifestFile:"Debug\Employee.exe.intermediate.manifest" /MANIFESTUAC:"level='asInvoker' uiAccess='false'" /DEBUG /PDB:"C:\Users\Andre\Documents\School\CSCI\OLD\Employee\Debug\Employee.pdb" /TLBID:1 /DYNAMICBASE /NXCOMPAT /IMPLIB:"C:\Users\Andre\Documents\School\CSCI\OLD\Employee\Debug\Employee.lib" /MACHINE:X86 Debug\Employee.obj
         Debug\xEmployee.obj
         LINK : C:\Users\Andre\Documents\School\CSCI\OLD\Employee\Debug\Employee.exe not found or not built by the last incremental link; performing full link
         Employee.vcxproj -> C:\Users\Andre\Documents\School\CSCI\OLD\Employee\Debug\Employee.exe
       Manifest:
         C:\Program Files (x86)\Microsoft SDKs\Windows\v7.0A\bin\mt.exe /nologo /verbose /outputresource:"C:\Users\Andre\Documents\School\CSCI\OLD\Employee\Debug\Employee.exe;#1" /manifest Debug\Employee.exe.intermediate.manifest
       FinalizeBuildStatus:
         Deleting file "Debug\Employee.unsuccessfulbuild".
         Touching "Debug\Employee.lastbuildstate".
     1>Done Building Project "C:\Users\Andre\Documents\School\CSCI\OLD\Employee\Employee\Employee.vcxproj" (build target(s)).

Build succeeded.

Time Elapsed 00:00:02.24
